<?xml version="1.0" encoding="UTF-8"?>
<!-- Generated by org.testng.reporters.JUnitReportReporter -->
<testsuite hostname="DESKTOP-AQNUH1M" failures="0" tests="1" name="BQA_Class.Text_XLSX" time="18.041" errors="0" timestamp="2024-03-22T14:58:48 IST" skipped="0">
  <testcase classname="BQA_Class.Text_XLSX" name="f" time="18.041"/>
  <system-out/>
</testsuite> <!-- BQA_Class.Text_XLSX -->
