<?xml version="1.0" encoding="UTF-8"?>
<!-- Generated by org.testng.reporters.JUnitReportReporter -->
<testsuite hostname="DESKTOP-AQNUH1M" failures="0" tests="1" name="AQAclass.Assert_Verify" time="0.000" errors="0" timestamp="2024-03-19T18:11:21 IST" skipped="1">
  <testcase classname="AQAclass.Assert_Verify" name="funoperation" time="0.000">
    <skipped/>
  </testcase> <!-- funoperation -->
  <system-out/>
</testsuite> <!-- AQAclass.Assert_Verify -->
