<?xml version="1.0" encoding="UTF-8"?>
<!-- Generated by org.testng.reporters.JUnitReportReporter -->
<testsuite hostname="DESKTOP-AQNUH1M" failures="0" tests="3" name="AQAclass.Information_Commands" time="0.000" errors="0" timestamp="2024-03-19T18:11:21 IST" skipped="3">
  <testcase classname="AQAclass.Information_Commands" name="gmail" time="0.000">
    <skipped/>
  </testcase> <!-- gmail -->
  <system-out/>
  <testcase classname="AQAclass.Information_Commands" name="google_image" time="0.000">
    <skipped/>
  </testcase> <!-- google_image -->
  <system-out/>
  <testcase classname="AQAclass.Information_Commands" name="searchbuttom" time="0.000">
    <skipped/>
  </testcase> <!-- searchbuttom -->
  <system-out/>
</testsuite> <!-- AQAclass.Information_Commands -->
