<?xml version="1.0" encoding="UTF-8"?>
<!-- Generated by org.testng.reporters.JUnitReportReporter -->
<testsuite hostname="DESKTOP-AQNUH1M" failures="0" tests="1" name="AQAclass.Firstselectedoption" time="0.197" errors="0" timestamp="2024-02-29T14:16:16 IST" skipped="0">
  <testcase classname="AQAclass.Firstselectedoption" name="option" time="0.197"/>
  <system-out/>
</testsuite> <!-- AQAclass.Firstselectedoption -->
