<?xml version="1.0" encoding="UTF-8"?>
<!-- Generated by org.testng.reporters.JUnitReportReporter -->
<testsuite hostname="DESKTOP-AQNUH1M" failures="0" tests="1" name="AQAclass.Popupwindow" time="30.492" errors="0" timestamp="2024-02-28T22:38:49 IST" skipped="0">
  <testcase classname="AQAclass.Popupwindow" name="windowpopup" time="30.492"/>
  <system-out/>
</testsuite> <!-- AQAclass.Popupwindow -->
