<?xml version="1.0" encoding="UTF-8"?>
<!-- Generated by org.testng.reporters.JUnitReportReporter -->
<testsuite hostname="DESKTOP-AQNUH1M" failures="0" tests="1" name="AQAclass.Firstselectedoption" time="0.233" errors="0" timestamp="2024-03-19T19:50:14 IST" skipped="0">
  <testcase classname="AQAclass.Firstselectedoption" name="option" time="0.233"/>
  <system-out/>
</testsuite> <!-- AQAclass.Firstselectedoption -->
