<?xml version="1.0" encoding="UTF-8"?>
<!-- Generated by org.testng.reporters.JUnitReportReporter -->
<testsuite hostname="DESKTOP-AQNUH1M" failures="0" tests="1" name="BQA_Class.Datadriven" time="31.473" errors="0" timestamp="2024-03-22T14:59:49 IST" skipped="0">
  <testcase classname="BQA_Class.Datadriven" name="f" time="31.473"/>
  <system-out/>
</testsuite> <!-- BQA_Class.Datadriven -->
