<?xml version="1.0" encoding="UTF-8"?>
<!-- Generated by org.testng.reporters.JUnitReportReporter -->
<testsuite hostname="DESKTOP-AQNUH1M" failures="0" tests="1" name="AQAclass.Screenshot" time="6.633" errors="0" timestamp="2024-02-29T20:58:31 IST" skipped="0">
  <testcase classname="AQAclass.Screenshot" name="alertscreen" time="6.633"/>
  <system-out/>
</testsuite> <!-- AQAclass.Screenshot -->
