<?xml version="1.0" encoding="UTF-8"?>
<!-- Generated by org.testng.reporters.JUnitReportReporter -->
<testsuite hostname="DESKTOP-AQNUH1M" failures="0" tests="1" name="AQAclass.Popupwindow" time="0.000" errors="0" timestamp="2024-03-19T18:11:21 IST" skipped="1">
  <testcase classname="AQAclass.Popupwindow" name="windowpopup" time="0.000">
    <skipped/>
  </testcase> <!-- windowpopup -->
  <system-out/>
</testsuite> <!-- AQAclass.Popupwindow -->
