<?xml version="1.0" encoding="UTF-8"?>
<!-- Generated by org.testng.reporters.JUnitReportReporter -->
<testsuite hostname="DESKTOP-AQNUH1M" failures="0" tests="1" name="AQAclass.FilpkartGeneric" time="15.286" errors="0" timestamp="2024-03-08T20:39:39 IST" skipped="0">
  <testcase classname="AQAclass.FilpkartGeneric" name="clickable" time="15.286"/>
  <system-out/>
</testsuite> <!-- AQAclass.FilpkartGeneric -->
