<?xml version="1.0" encoding="UTF-8"?>
<!-- Generated by org.testng.reporters.JUnitReportReporter -->
<testsuite hostname="DESKTOP-AQNUH1M" failures="0" tests="1" name="AQAclass.MouseOverAction" time="22.040" errors="0" timestamp="2024-02-27T20:06:31 IST" skipped="0">
  <testcase classname="AQAclass.MouseOverAction" name="mouseover" time="22.040"/>
  <system-out/>
</testsuite> <!-- AQAclass.MouseOverAction -->
