<?xml version="1.0" encoding="UTF-8"?>
<!-- Generated by org.testng.reporters.JUnitReportReporter -->
<testsuite hostname="DESKTOP-AQNUH1M" failures="0" tests="1" name="AQAclass.Optionsselected" time="1.110" errors="0" timestamp="2024-03-01T15:20:59 IST" skipped="0">
  <testcase classname="AQAclass.Optionsselected" name="options" time="1.110"/>
  <system-out/>
</testsuite> <!-- AQAclass.Optionsselected -->
