<?xml version="1.0" encoding="UTF-8"?>
<!-- Generated by org.testng.reporters.JUnitReportReporter -->
<testsuite hostname="DESKTOP-AQNUH1M" failures="0" tests="3" name="AQAclass.Information_Commands" time="0.114" errors="0" timestamp="2024-02-29T13:59:45 IST" skipped="0">
  <testcase classname="AQAclass.Information_Commands" name="gmail" time="0.050"/>
  <system-out/>
  <testcase classname="AQAclass.Information_Commands" name="google_image" time="0.035"/>
  <system-out/>
  <testcase classname="AQAclass.Information_Commands" name="searchbuttom" time="0.029"/>
  <system-out/>
</testsuite> <!-- AQAclass.Information_Commands -->
