<?xml version="1.0" encoding="UTF-8"?>
<!-- Generated by org.testng.reporters.JUnitReportReporter -->
<testsuite hostname="DESKTOP-AQNUH1M" failures="0" tests="1" name="AQAclass.Array" time="68.451" errors="0" timestamp="2024-03-22T11:21:26 IST" skipped="0">
  <testcase classname="AQAclass.Array" name="f" time="68.451"/>
  <system-out/>
</testsuite> <!-- AQAclass.Array -->
