<?xml version="1.0" encoding="UTF-8"?>
<!-- Generated by org.testng.reporters.JUnitReportReporter -->
<testsuite hostname="DESKTOP-AQNUH1M" failures="0" tests="1" name="AQAclass.Boolean_options" time="0.376" errors="0" timestamp="2024-03-01T17:09:44 IST" skipped="0">
  <testcase classname="AQAclass.Boolean_options" name="options" time="0.376"/>
  <system-out/>
</testsuite> <!-- AQAclass.Boolean_options -->
